<?xml version="1.0" encoding="UTF-8"?>
<!-- Generated by org.testng.reporters.JUnitReportReporter -->
<testsuite hostname="MADMARDIGAN" name="team.boolbee.hibernate.xml.manytomany.unidir.model.BidirectionalManyToManyAsociationMappedByXmlTest" tests="5" failures="0" timestamp="20 Nov 2018 18:34:33 GMT" time="12.200" errors="0">
  <testcase name="addAccountToExistingCustomer" time="0.047" classname="team.boolbee.hibernate.xml.manytomany.unidir.model.BidirectionalManyToManyAsociationMappedByXmlTest"/>
  <testcase name="addCustomerToExistingBankAccount" time="0.047" classname="team.boolbee.hibernate.xml.manytomany.unidir.model.BidirectionalManyToManyAsociationMappedByXmlTest"/>
  <testcase name="populateBankData" time="2.131" classname="team.boolbee.hibernate.xml.manytomany.unidir.model.BidirectionalManyToManyAsociationMappedByXmlTest"/>
  <testcase name="deleteCustomer" time="0.031" classname="team.boolbee.hibernate.xml.manytomany.unidir.model.BidirectionalManyToManyAsociationMappedByXmlTest"/>
  <testcase name="deleteCustomerWithSharedBankAccount" time="9.944" classname="team.boolbee.hibernate.xml.manytomany.unidir.model.BidirectionalManyToManyAsociationMappedByXmlTest"/>
</testsuite> <!-- team.boolbee.hibernate.xml.manytomany.unidir.model.BidirectionalManyToManyAsociationMappedByXmlTest -->
