<?xml version="1.0" encoding="UTF-8"?>
<!-- Generated by org.testng.reporters.JUnitReportReporter -->
<testsuite hostname="MADMARDIGAN" name="team.boolbee.hibernate.xml.manytomany.unidir.model.BidirectionalManyToManyAsociationMappedByXmlTest" tests="6" failures="1" timestamp="20 Nov 2018 16:08:13 GMT" time="1.737" errors="0">
  <testcase name="deleteBankAccount" time="0.078" classname="team.boolbee.hibernate.xml.manytomany.unidir.model.BidirectionalManyToManyAsociationMappedByXmlTest">
    <failure type="org.hibernate.exception.ConstraintViolationException" message="could not execute statement">
      <![CDATA[org.hibernate.exception.ConstraintViolationException: could not execute statement
	at org.hibernate.exception.internal.SQLStateConversionDelegate.convert(SQLStateConversionDelegate.java:129)
	at org.hibernate.exception.internal.StandardSQLExceptionConverter.convert(StandardSQLExceptionConverter.java:49)
	at org.hibernate.engine.jdbc.spi.SqlExceptionHelper.convert(SqlExceptionHelper.java:124)
	at org.hibernate.engine.jdbc.spi.SqlExceptionHelper.convert(SqlExceptionHelper.java:109)
	at org.hibernate.engine.jdbc.internal.ResultSetReturnImpl.executeUpdate(ResultSetReturnImpl.java:189)
	at org.hibernate.engine.jdbc.batch.internal.NonBatchingBatch.addToBatch(NonBatchingBatch.java:58)
	at org.hibernate.persister.entity.AbstractEntityPersister.delete(AbstractEntityPersister.java:3355)
	at org.hibernate.persister.entity.AbstractEntityPersister.delete(AbstractEntityPersister.java:3558)
	at org.hibernate.action.internal.EntityDeleteAction.execute(EntityDeleteAction.java:102)
	at org.hibernate.engine.spi.ActionQueue.execute(ActionQueue.java:395)
	at org.hibernate.engine.spi.ActionQueue.executeActions(ActionQueue.java:387)
	at org.hibernate.engine.spi.ActionQueue.executeActions(ActionQueue.java:310)
	at org.hibernate.event.internal.AbstractFlushingEventListener.performExecutions(AbstractFlushingEventListener.java:349)
	at org.hibernate.event.internal.DefaultFlushEventListener.onFlush(DefaultFlushEventListener.java:56)
	at org.hibernate.internal.SessionImpl.flush(SessionImpl.java:1159)
	at org.hibernate.internal.SessionImpl.managedFlush(SessionImpl.java:404)
	at org.hibernate.engine.transaction.internal.jdbc.JdbcTransaction.beforeTransactionCommit(JdbcTransaction.java:101)
	at org.hibernate.engine.transaction.spi.AbstractTransactionImpl.commit(AbstractTransactionImpl.java:175)
	at team.boolbee.hibernate.xml.manytomany.unidir.dao.BankAccountDAO.delete(BankAccountDAO.java:91)
	at team.boolbee.hibernate.xml.manytomany.unidir.model.BidirectionalManyToManyAsociationMappedByXmlTest.deleteBankAccount(BidirectionalManyToManyAsociationMappedByXmlTest.java:189)
	at sun.reflect.NativeMethodAccessorImpl.invoke0(Native Method)
	at sun.reflect.NativeMethodAccessorImpl.invoke(Unknown Source)
	at sun.reflect.DelegatingMethodAccessorImpl.invoke(Unknown Source)
	at java.lang.reflect.Method.invoke(Unknown Source)
	at org.testng.internal.MethodInvocationHelper.invokeMethod(MethodInvocationHelper.java:84)
	at org.testng.internal.Invoker.invokeMethod(Invoker.java:714)
	at org.testng.internal.Invoker.invokeTestMethod(Invoker.java:901)
	at org.testng.internal.Invoker.invokeTestMethods(Invoker.java:1231)
	at org.testng.internal.TestMethodWorker.invokeTestMethods(TestMethodWorker.java:127)
	at org.testng.internal.TestMethodWorker.run(TestMethodWorker.java:111)
	at org.testng.TestRunner.privateRun(TestRunner.java:767)
	at org.testng.TestRunner.run(TestRunner.java:617)
	at org.testng.SuiteRunner.runTest(SuiteRunner.java:334)
	at org.testng.SuiteRunner.runSequentially(SuiteRunner.java:329)
	at org.testng.SuiteRunner.privateRun(SuiteRunner.java:291)
	at org.testng.SuiteRunner.run(SuiteRunner.java:240)
	at org.testng.SuiteRunnerWorker.runSuite(SuiteRunnerWorker.java:52)
	at org.testng.SuiteRunnerWorker.run(SuiteRunnerWorker.java:86)
	at org.testng.TestNG.runSuitesSequentially(TestNG.java:1224)
	at org.testng.TestNG.runSuitesLocally(TestNG.java:1149)
	at org.testng.TestNG.run(TestNG.java:1057)
	at org.testng.remote.AbstractRemoteTestNG.run(AbstractRemoteTestNG.java:114)
	at org.testng.remote.RemoteTestNG.initAndRun(RemoteTestNG.java:251)
	at org.testng.remote.RemoteTestNG.main(RemoteTestNG.java:77)
Caused by: com.microsoft.sqlserver.jdbc.SQLServerException: The DELETE statement conflicted with the REFERENCE constraint "FK_4ps58o4u8hta433t40l6ts57p". The conflict occurred in database "POC_HB03_xml_manyToMany_bidirectional", table "dbo.CUSTOMER_BANKACCOUNT", column 'bankaccount_id'.
	at com.microsoft.sqlserver.jdbc.SQLServerException.makeFromDatabaseError(SQLServerException.java:216)
	at com.microsoft.sqlserver.jdbc.SQLServerStatement.getNextResult(SQLServerStatement.java:1522)
	at com.microsoft.sqlserver.jdbc.SQLServerPreparedStatement.doExecutePreparedStatement(SQLServerPreparedStatement.java:404)
	at com.microsoft.sqlserver.jdbc.SQLServerPreparedStatement$PrepStmtExecCmd.doExecute(SQLServerPreparedStatement.java:350)
	at com.microsoft.sqlserver.jdbc.TDSCommand.execute(IOBuffer.java:5696)
	at com.microsoft.sqlserver.jdbc.SQLServerConnection.executeCommand(SQLServerConnection.java:1717)
	at com.microsoft.sqlserver.jdbc.SQLServerStatement.executeCommand(SQLServerStatement.java:180)
	at com.microsoft.sqlserver.jdbc.SQLServerStatement.executeStatement(SQLServerStatement.java:155)
	at com.microsoft.sqlserver.jdbc.SQLServerPreparedStatement.executeUpdate(SQLServerPreparedStatement.java:314)
	at com.mchange.v2.c3p0.impl.NewProxyPreparedStatement.executeUpdate(NewProxyPreparedStatement.java:147)
	at org.hibernate.engine.jdbc.internal.ResultSetReturnImpl.executeUpdate(ResultSetReturnImpl.java:186)
	... 39 more
]]>
    </failure>
  </testcase> <!-- deleteBankAccount -->
  <testcase name="populateBankData" time="1.550" classname="team.boolbee.hibernate.xml.manytomany.unidir.model.BidirectionalManyToManyAsociationMappedByXmlTest"/>
  <testcase name="addCustomerToExistingBankAccount" time="0.046" classname="team.boolbee.hibernate.xml.manytomany.unidir.model.BidirectionalManyToManyAsociationMappedByXmlTest"/>
  <testcase name="deleteCustomerWithSharedBankAccount" time="0.031" classname="team.boolbee.hibernate.xml.manytomany.unidir.model.BidirectionalManyToManyAsociationMappedByXmlTest"/>
  <testcase name="deleteCustomer" time="0.016" classname="team.boolbee.hibernate.xml.manytomany.unidir.model.BidirectionalManyToManyAsociationMappedByXmlTest"/>
  <testcase name="addAccountToExistingCustomer" time="0.016" classname="team.boolbee.hibernate.xml.manytomany.unidir.model.BidirectionalManyToManyAsociationMappedByXmlTest"/>
</testsuite> <!-- team.boolbee.hibernate.xml.manytomany.unidir.model.BidirectionalManyToManyAsociationMappedByXmlTest -->
