<?xml version="1.0" encoding="UTF-8"?>
<!-- Generated by org.testng.reporters.JUnitReportReporter -->
<testsuite hostname="MADMARDIGAN" name="team.boolbee.hibernate.annotation.manytomany.bidir.model.BidirectionalManyToManyAsociationMappedByAnnotationTest" tests="5" failures="0" timestamp="20 Nov 2018 18:35:19 GMT" time="1.430" errors="0">
  <testcase name="deleteCustomerWithSharedBankAccount" time="0.031" classname="team.boolbee.hibernate.annotation.manytomany.bidir.model.BidirectionalManyToManyAsociationMappedByAnnotationTest"/>
  <testcase name="addAccountToExistingCustomer" time="0.031" classname="team.boolbee.hibernate.annotation.manytomany.bidir.model.BidirectionalManyToManyAsociationMappedByAnnotationTest"/>
  <testcase name="populateBankData" time="1.321" classname="team.boolbee.hibernate.annotation.manytomany.bidir.model.BidirectionalManyToManyAsociationMappedByAnnotationTest"/>
  <testcase name="addCustomerToExistingBankAccount" time="0.015" classname="team.boolbee.hibernate.annotation.manytomany.bidir.model.BidirectionalManyToManyAsociationMappedByAnnotationTest"/>
  <testcase name="deleteCustomer" time="0.032" classname="team.boolbee.hibernate.annotation.manytomany.bidir.model.BidirectionalManyToManyAsociationMappedByAnnotationTest"/>
</testsuite> <!-- team.boolbee.hibernate.annotation.manytomany.bidir.model.BidirectionalManyToManyAsociationMappedByAnnotationTest -->
