<?xml version="1.0" encoding="UTF-8"?>
<!-- Generated by org.testng.reporters.JUnitReportReporter -->
<testsuite hostname="MADMARDIGAN" name="team.boolbee.hibernate.xml.onetomany.unidir.model.OneToManyBidirXmlTest" tests="1" failures="0" timestamp="16 Nov 2018 13:38:54 GMT" time="1.394" errors="0">
  <testcase name="testOneToOneMappedByXml" time="1.394" classname="team.boolbee.hibernate.xml.onetomany.unidir.model.OneToManyBidirXmlTest"/>
</testsuite> <!-- team.boolbee.hibernate.xml.onetomany.unidir.model.OneToManyBidirXmlTest -->
