<?xml version="1.0" encoding="UTF-8"?>
<!-- Generated by org.testng.reporters.JUnitReportReporter -->
<testsuite hostname="MADMARDIGAN" name="team.boolbee.hibernate.xml.manytomany.bidir.model.BidirectionalManyToManyAsociationMappedByAnnotationTest" tests="6" failures="6" timestamp="20 Nov 2018 18:04:48 GMT" time="0.182" errors="0">
  <testcase name="addAccountToExistingCustomer" time="0.000" classname="team.boolbee.hibernate.xml.manytomany.bidir.model.BidirectionalManyToManyAsociationMappedByAnnotationTest"/>
  <testcase name="deleteCustomer" time="0.000" classname="team.boolbee.hibernate.xml.manytomany.bidir.model.BidirectionalManyToManyAsociationMappedByAnnotationTest"/>
  <testcase name="populateBankData" time="0.179" classname="team.boolbee.hibernate.xml.manytomany.bidir.model.BidirectionalManyToManyAsociationMappedByAnnotationTest">
    <failure type="java.lang.ExceptionInInitializerError">
      <![CDATA[java.lang.ExceptionInInitializerError
	at team.boolbee.hibernate.xml.manytomany.bidir.dao.CustomerDAO.insert(CustomerDAO.java:43)
	at team.boolbee.hibernate.xml.manytomany.bidir.model.BidirectionalManyToManyAsociationMappedByAnnotationTest.populateBankDataFromCustomerDAO(BidirectionalManyToManyAsociationMappedByAnnotationTest.java:217)
	at team.boolbee.hibernate.xml.manytomany.bidir.model.BidirectionalManyToManyAsociationMappedByAnnotationTest.populateBankData(BidirectionalManyToManyAsociationMappedByAnnotationTest.java:27)
	at sun.reflect.NativeMethodAccessorImpl.invoke0(Native Method)
	at sun.reflect.NativeMethodAccessorImpl.invoke(Unknown Source)
	at sun.reflect.DelegatingMethodAccessorImpl.invoke(Unknown Source)
	at java.lang.reflect.Method.invoke(Unknown Source)
	at org.testng.internal.MethodInvocationHelper.invokeMethod(MethodInvocationHelper.java:84)
	at org.testng.internal.Invoker.invokeMethod(Invoker.java:714)
	at org.testng.internal.Invoker.invokeTestMethod(Invoker.java:901)
	at org.testng.internal.Invoker.invokeTestMethods(Invoker.java:1231)
	at org.testng.internal.TestMethodWorker.invokeTestMethods(TestMethodWorker.java:127)
	at org.testng.internal.TestMethodWorker.run(TestMethodWorker.java:111)
	at org.testng.TestRunner.privateRun(TestRunner.java:767)
	at org.testng.TestRunner.run(TestRunner.java:617)
	at org.testng.SuiteRunner.runTest(SuiteRunner.java:334)
	at org.testng.SuiteRunner.runSequentially(SuiteRunner.java:329)
	at org.testng.SuiteRunner.privateRun(SuiteRunner.java:291)
	at org.testng.SuiteRunner.run(SuiteRunner.java:240)
	at org.testng.SuiteRunnerWorker.runSuite(SuiteRunnerWorker.java:52)
	at org.testng.SuiteRunnerWorker.run(SuiteRunnerWorker.java:86)
	at org.testng.TestNG.runSuitesSequentially(TestNG.java:1224)
	at org.testng.TestNG.runSuitesLocally(TestNG.java:1149)
	at org.testng.TestNG.run(TestNG.java:1057)
	at org.testng.remote.AbstractRemoteTestNG.run(AbstractRemoteTestNG.java:114)
	at org.testng.remote.RemoteTestNG.initAndRun(RemoteTestNG.java:251)
	at org.testng.remote.RemoteTestNG.main(RemoteTestNG.java:77)
Caused by: org.hibernate.MappingException: Unable to load class [ team.boolbee.hibernate.annotation.manytomany.bidir.model.BankAccount] declared in Hibernate configuration <mapping/> entry
	at org.hibernate.cfg.Configuration.parseMappingElement(Configuration.java:2219)
	at org.hibernate.cfg.Configuration.parseSessionFactory(Configuration.java:2167)
	at org.hibernate.cfg.Configuration.doConfigure(Configuration.java:2147)
	at org.hibernate.cfg.Configuration.doConfigure(Configuration.java:2100)
	at org.hibernate.cfg.Configuration.configure(Configuration.java:2015)
	at org.hibernate.cfg.Configuration.configure(Configuration.java:1994)
	at team.boolbee.poc.hibernate.utils.HibernateSession.<init>(HibernateSession.java:16)
	at team.boolbee.poc.hibernate.utils.HibernateSession.<clinit>(HibernateSession.java:11)
	... 27 more
Caused by: java.lang.ClassNotFoundException: team.boolbee.hibernate.annotation.manytomany.bidir.model.BankAccount
	at java.net.URLClassLoader.findClass(Unknown Source)
	at java.lang.ClassLoader.loadClass(Unknown Source)
	at sun.misc.Launcher$AppClassLoader.loadClass(Unknown Source)
	at java.lang.ClassLoader.loadClass(Unknown Source)
	at java.lang.Class.forName0(Native Method)
	at java.lang.Class.forName(Unknown Source)
	at org.hibernate.internal.util.ReflectHelper.classForName(ReflectHelper.java:192)
	at org.hibernate.cfg.Configuration.parseMappingElement(Configuration.java:2216)
	... 34 more
]]>
    </failure>
  </testcase> <!-- populateBankData -->
  <testcase name="addCustomerToExistingBankAccount" time="0.002" classname="team.boolbee.hibernate.xml.manytomany.bidir.model.BidirectionalManyToManyAsociationMappedByAnnotationTest"/>
  <testcase name="deleteCustomerWithSharedBankAccount" time="0.001" classname="team.boolbee.hibernate.xml.manytomany.bidir.model.BidirectionalManyToManyAsociationMappedByAnnotationTest"/>
  <testcase name="deleteBankAccount" time="0.000" classname="team.boolbee.hibernate.xml.manytomany.bidir.model.BidirectionalManyToManyAsociationMappedByAnnotationTest"/>
</testsuite> <!-- team.boolbee.hibernate.xml.manytomany.bidir.model.BidirectionalManyToManyAsociationMappedByAnnotationTest -->
