<?xml version="1.0" encoding="UTF-8"?>
<!-- Generated by org.testng.reporters.JUnitReportReporter -->
<testsuite hostname="MADMARDIGAN" name="team.boolbee.poc.hibernate.xml.inheritance.onetableperconcreteclass.model.OneTablePerConcreteClassXmlTest" tests="1" failures="0" timestamp="21 Nov 2018 18:17:29 GMT" time="1.150" errors="0">
  <testcase name="testOneTablePerConcreteClassXml" time="1.150" classname="team.boolbee.poc.hibernate.xml.inheritance.onetableperconcreteclass.model.OneTablePerConcreteClassXmlTest"/>
</testsuite> <!-- team.boolbee.poc.hibernate.xml.inheritance.onetableperconcreteclass.model.OneTablePerConcreteClassXmlTest -->
