<?xml version="1.0" encoding="UTF-8"?>
<!-- Generated by org.testng.reporters.JUnitReportReporter -->
<testsuite hostname="MADMARDIGAN" name="team.boolbee.poc.hibernate.interceptors.model.AuditInterceptorTest" tests="1" failures="0" timestamp="22 Nov 2018 16:49:18 GMT" time="0.141" errors="0">
  <testcase name="testInterceptors" time="0.141" classname="team.boolbee.poc.hibernate.interceptors.model.AuditInterceptorTest"/>
</testsuite> <!-- team.boolbee.poc.hibernate.interceptors.model.AuditInterceptorTest -->
