<?xml version="1.0" encoding="UTF-8"?>
<!-- Generated by org.testng.reporters.JUnitReportReporter -->
<testsuite hostname="MADMARDIGAN" name="team.boolbee.poc.hibernate.interceptors.model.InterceptorTest" tests="1" failures="0" timestamp="22 Nov 2018 14:44:07 GMT" time="1.184" errors="0">
  <testcase name="testInterceptors" time="1.184" classname="team.boolbee.poc.hibernate.interceptors.model.InterceptorTest"/>
</testsuite> <!-- team.boolbee.poc.hibernate.interceptors.model.InterceptorTest -->
