<?xml version="1.0" encoding="UTF-8"?>
<!-- Generated by org.testng.reporters.JUnitReportReporter -->
<testsuite hostname="MADMARDIGAN" name="team.boolbee.poc.hibernate.interceptors.model.LoggingInterceptorTest" tests="1" failures="0" timestamp="22 Nov 2018 14:57:14 GMT" time="1.348" errors="0">
  <testcase name="testInterceptors" time="1.348" classname="team.boolbee.poc.hibernate.interceptors.model.LoggingInterceptorTest"/>
</testsuite> <!-- team.boolbee.poc.hibernate.interceptors.model.LoggingInterceptorTest -->
