<?xml version="1.0" encoding="UTF-8"?>
<!-- Generated by org.testng.reporters.JUnitReportReporter -->
<<<<<<< HEAD
<testsuite hostname="MADMARDIGAN" name="team.boolbee.poc.hibernate.interceptors.model.OverridingDefaultConstructorTest" tests="2" failures="0" timestamp="22 Nov 2018 16:49:18 GMT" time="0.125" errors="0">
  <testcase name="saveMissingDefaultConstructorObject" time="0.125" classname="team.boolbee.poc.hibernate.interceptors.model.OverridingDefaultConstructorTest"/>
  <testcase name="readMissingDefaultConstructorObject" time="0.000" classname="team.boolbee.poc.hibernate.interceptors.model.OverridingDefaultConstructorTest"/>
=======
<testsuite hostname="MADMARDIGAN" name="team.boolbee.poc.hibernate.interceptors.model.OverridingDefaultConstructorTest" tests="2" failures="0" timestamp="22 Nov 2018 16:45:28 GMT" time="0.137" errors="0">
  <testcase name="readMissingDefaultConstructorObject" time="0.013" classname="team.boolbee.poc.hibernate.interceptors.model.OverridingDefaultConstructorTest"/>
  <testcase name="saveMissingDefaultConstructorObject" time="0.124" classname="team.boolbee.poc.hibernate.interceptors.model.OverridingDefaultConstructorTest"/>
>>>>>>> branch '1.0.0' of https://github.com/caalpeva/PoC
</testsuite> <!-- team.boolbee.poc.hibernate.interceptors.model.OverridingDefaultConstructorTest -->
