<?xml version="1.0" encoding="UTF-8"?>
<!-- Generated by org.testng.reporters.JUnitReportReporter -->
<testsuite hostname="MADMARDIGAN" name="team.boolbee.poc.hibernate.interceptors.model.OverridingDefaultConstructorTest" tests="2" failures="0" timestamp="22 Nov 2018 16:49:18 GMT" time="0.125" errors="0">
  <testcase name="saveMissingDefaultConstructorObject" time="0.125" classname="team.boolbee.poc.hibernate.interceptors.model.OverridingDefaultConstructorTest"/>
  <testcase name="readMissingDefaultConstructorObject" time="0.000" classname="team.boolbee.poc.hibernate.interceptors.model.OverridingDefaultConstructorTest"/>
</testsuite> <!-- team.boolbee.poc.hibernate.interceptors.model.OverridingDefaultConstructorTest -->
