<?xml version="1.0" encoding="UTF-8"?>
<!-- Generated by org.testng.reporters.JUnitReportReporter -->
<testsuite hostname="MADMARDIGAN" name="team.boolbee.poc.hibernate.interceptors.model.MissingDefaultConstructorTest" tests="2" failures="0" timestamp="22 Nov 2018 16:49:18 GMT" time="0.000" errors="0">
  <testcase name="testMissingDefaultConstructorObjectFailure" time="0.000" classname="team.boolbee.poc.hibernate.interceptors.model.MissingDefaultConstructorTest"/>
  <testcase name="saveMissingDefaultConstructorObject" time="0.000" classname="team.boolbee.poc.hibernate.interceptors.model.MissingDefaultConstructorTest"/>
</testsuite> <!-- team.boolbee.poc.hibernate.interceptors.model.MissingDefaultConstructorTest -->
