<?xml version="1.0" encoding="UTF-8"?>
<!-- Generated by org.testng.reporters.JUnitReportReporter -->
<testsuite hostname="ALBERTO" name="team.boolbee.poc.hibernate.utils.SessionBuilderTest" tests="1" failures="0" timestamp="7 May 2018 13:46:10 GMT" time="1.356" errors="0">
  <testcase name="testSessionBuilder" time="1.356" classname="team.boolbee.poc.hibernate.utils.SessionBuilderTest"/>
</testsuite> <!-- team.boolbee.poc.hibernate.utils.SessionBuilderTest -->
