<?xml version="1.0" encoding="UTF-8"?>
<!-- Generated by org.testng.reporters.JUnitReportReporter -->
<testsuite hostname="MADMARDIGAN" name="team.boolbee.poc.hibernate.utils.SessionBuilderTest" tests="1" failures="0" timestamp="6 Nov 2018 16:37:25 GMT" time="0.835" errors="0">
  <testcase name="testSessionBuilder" time="0.835" classname="team.boolbee.poc.hibernate.utils.SessionBuilderTest"/>
</testsuite> <!-- team.boolbee.poc.hibernate.utils.SessionBuilderTest -->
