<?xml version="1.0" encoding="UTF-8"?>
<!-- Generated by org.testng.reporters.JUnitReportReporter -->
<testsuite hostname="MADMARDIGAN" name="team.boolbee.poc.hibernate.annotation.inheritance.onetablepersubclass.model.OneTablePerConcreteClassAnnotationTest" tests="1" failures="0" timestamp="21 Nov 2018 18:34:55 GMT" time="1.228" errors="0">
  <testcase name="testOneTablePerConcreteClassAnnotation" time="1.228" classname="team.boolbee.poc.hibernate.annotation.inheritance.onetablepersubclass.model.OneTablePerConcreteClassAnnotationTest"/>
</testsuite> <!-- team.boolbee.poc.hibernate.annotation.inheritance.onetablepersubclass.model.OneTablePerConcreteClassAnnotationTest -->
